<?xml version="1.0" ?>
<!DOCTYPE coverage SYSTEM "http://cobertura.sourceforge.net/xml/coverage-04.dtd">
<coverage lines-valid="11" lines-covered="1" line-rate="0.0909" branches-valid="4" branches-covered="0" branch-rate="0" timestamp="1622295765684" complexity="0" version="0.1">
  <sources>
    <source>C:\Users\aa\Desktop\Code-Coverage\code-coverage</source>
  </sources>
  <packages>
    <class name="App.js" filename="src\App.js" line-rate="1" branch-rate="1">
      <methods>
        <method name="App" hits="1" signature="()V">
          <lines>
            <line number="4" hits="1"/>
          </lines>
        </method>
      </methods>
      <lines>
        <line number="5" hits="1" branch="false"/>
      </lines>
    </class>
    <class name="index.js" filename="src\index.js" line-rate="0" branch-rate="1">
      <methods>
      </methods>
      <lines>
        <line number="7" hits="0" branch="false"/>
        <line number="17" hits="0" branch="false"/>
      </lines>
    </class>
    <class name="reportWebVitals.js" filename="src\reportWebVitals.js" line-rate="0" branch-rate="0">
      <methods>
        <method name="(anonymous_0)" hits="0" signature="()V">
          <lines>
            <line number="1" hits="0"/>
          </lines>
        </method>
        <method name="(anonymous_1)" hits="0" signature="()V">
          <lines>
            <line number="3" hits="0"/>
          </lines>
        </method>
      </methods>
      <lines>
        <line number="1" hits="0" branch="false"/>
        <line number="2" hits="0" branch="true" condition-coverage="0% (0/4)"/>
        <line number="3" hits="0" branch="false"/>
        <line number="4" hits="0" branch="false"/>
        <line number="5" hits="0" branch="false"/>
        <line number="6" hits="0" branch="false"/>
        <line number="7" hits="0" branch="false"/>
        <line number="8" hits="0" branch="false"/>
      </lines>
    </class>
  </packages>
</coverage>
